<?xml version="1.0" encoding="UTF-8"?>
<testsuite xmlns:xsi="http://www.w3.org/2001/XMLSchema-instance" xsi:noNamespaceSchemaLocation="https://maven.apache.org/surefire/maven-surefire-plugin/xsd/surefire-test-report.xsd" name="basicjava.AppTest" time="0.177" tests="1" errors="0" skipped="0" failures="0">
  <properties>
    <property name="java.specification.version" value="14"/>
    <property name="sun.cpu.isalist" value="amd64"/>
    <property name="sun.jnu.encoding" value="Cp1252"/>
    <property name="java.class.path" value="c:\Users\simon.garisch\Desktop\git\basic_java\basicJava\target\test-classes;c:\Users\simon.garisch\Desktop\git\basic_java\basicJava\target\classes;C:\Users\simon.garisch\.m2\repository\junit\junit\4.11\junit-4.11.jar;C:\Users\simon.garisch\.m2\repository\org\hamcrest\hamcrest-core\1.3\hamcrest-core-1.3.jar;"/>
    <property name="java.vm.vendor" value="Oracle Corporation"/>
    <property name="sun.arch.data.model" value="64"/>
    <property name="user.variant" value=""/>
    <property name="java.vendor.url" value="https://java.oracle.com/"/>
    <property name="user.timezone" value="Australia/Sydney"/>
    <property name="os.name" value="Windows 10"/>
    <property name="java.vm.specification.version" value="14"/>
    <property name="sun.java.launcher" value="SUN_STANDARD"/>
    <property name="user.country" value="AU"/>
    <property name="sun.boot.library.path" value="C:\Program Files\Java\jdk-14.0.1\bin"/>
    <property name="sun.java.command" value="C:\Users\SIMON~2.GAR\AppData\Local\Temp\surefire7323023569580902299\surefirebooter16085266034968338233.jar C:\Users\simon.garisch\AppData\Local\Temp\surefire7323023569580902299 2020-06-29T12-13-20_114-jvmRun1 surefire7275539631900913483tmp surefire_011646747317260107027tmp"/>
    <property name="jdk.debug" value="release"/>
    <property name="surefire.test.class.path" value="c:\Users\simon.garisch\Desktop\git\basic_java\basicJava\target\test-classes;c:\Users\simon.garisch\Desktop\git\basic_java\basicJava\target\classes;C:\Users\simon.garisch\.m2\repository\junit\junit\4.11\junit-4.11.jar;C:\Users\simon.garisch\.m2\repository\org\hamcrest\hamcrest-core\1.3\hamcrest-core-1.3.jar;"/>
    <property name="sun.cpu.endian" value="little"/>
    <property name="user.home" value="C:\Users\simon.garisch"/>
    <property name="user.language" value="en"/>
    <property name="java.specification.vendor" value="Oracle Corporation"/>
    <property name="java.version.date" value="2020-04-14"/>
    <property name="java.home" value="C:\Program Files\Java\jdk-14.0.1"/>
    <property name="file.separator" value="\"/>
    <property name="basedir" value="c:\Users\simon.garisch\Desktop\git\basic_java\basicJava"/>
    <property name="java.vm.compressedOopsMode" value="Zero based"/>
    <property name="line.separator" value="&#10;"/>
    <property name="java.vm.specification.vendor" value="Oracle Corporation"/>
    <property name="java.specification.name" value="Java Platform API Specification"/>
    <property name="surefire.real.class.path" value="C:\Users\SIMON~2.GAR\AppData\Local\Temp\surefire7323023569580902299\surefirebooter16085266034968338233.jar"/>
    <property name="user.script" value=""/>
    <property name="sun.management.compiler" value="HotSpot 64-Bit Tiered Compilers"/>
    <property name="java.runtime.version" value="14.0.1+7"/>
    <property name="user.name" value="simon.garisch"/>
    <property name="path.separator" value=";"/>
    <property name="os.version" value="10.0"/>
    <property name="java.runtime.name" value="Java(TM) SE Runtime Environment"/>
    <property name="file.encoding" value="Cp1252"/>
    <property name="java.vm.name" value="Java HotSpot(TM) 64-Bit Server VM"/>
    <property name="localRepository" value="C:\Users\simon.garisch\.m2\repository"/>
    <property name="java.vendor.url.bug" value="https://bugreport.java.com/bugreport/"/>
    <property name="java.io.tmpdir" value="C:\Users\SIMON~2.GAR\AppData\Local\Temp\"/>
    <property name="java.version" value="14.0.1"/>
    <property name="user.dir" value="c:\Users\simon.garisch\Desktop\git\basic_java\basicJava"/>
    <property name="os.arch" value="amd64"/>
    <property name="java.vm.specification.name" value="Java Virtual Machine Specification"/>
    <property name="sun.os.patch.level" value=""/>
    <property name="java.library.path" value="C:\Program Files\Java\jdk-14.0.1\bin;C:\WINDOWS\Sun\Java\bin;C:\WINDOWS\system32;C:\WINDOWS;C:\Users\simon.garisch\bin;C:\Git\mingw64\bin;C:\Git\usr\local\bin;C:\Git\usr\bin;C:\Git\usr\bin;C:\Git\mingw64\bin;C:\Git\usr\bin;C:\Users\simon.garisch\bin;C:\Program Files\Microsoft MPI\Bin;C:\Program Files (x86)\Common Files\Oracle\Java\javapath;C:\WINDOWS\system32;C:\WINDOWS;C:\WINDOWS\System32\Wbem;C:\WINDOWS\System32\WindowsPowerShell\v1.0;C:\Program Files (x86)\Microsoft SQL Server\Client SDK\ODBC\130\Tools\Binn;C:\Program Files (x86)\Microsoft SQL Server\140\Tools\Binn;C:\Program Files (x86)\Microsoft SQL Server\140\DTS\Binn;C:\Program Files (x86)\Microsoft SQL Server\140\Tools\Binn\ManagementStudio;C:\Program Files (x86)\Eze Castle Software\Common;C:\Program Files (x86)\Eze Castle Software\Client\Bin;C:\Program Files\Microsoft SQL Server\110\Tools\Binn;C:\Program Files\PuTTY;C:\Program Files\Amazon\AWSCLI\bin;C:\Program Files\Intel\WiFi\bin;C:\Program Files\Common Files\Intel\WirelessCommon;C:\WINDOWS\System32\OpenSSH;C:\Program Files\Symantec.cloud\PlatformAgent;C:\Program Files\Microsoft SQL Server\Client SDK\ODBC\130\Tools\Binn;C:\Program Files\Microsoft SQL Server\140\Tools\Binn;C:\Program Files\Microsoft SQL Server\140\DTS\Binn;C:\Program Files\nodejs;C:\Program Files (x86)\Intel\Intel(R) Management Engine Components\DAL;C:\Program Files\Intel\Intel(R) Management Engine Components\DAL;C:\ProgramData\chocolatey\bin;C:\Go\bin;C:\Program Files (x86)\Sennheiser\SoftphoneSDK;C:\Program Files\dotnet;C:\Program Files\Docker\Docker\resources\bin;C:\ProgramData\DockerDesktop\version-bin;C:\texlive\2019\bin\win32;C:\Users\simon.garisch\AppData\Local\Microsoft\WindowsApps;C:\blp\DAPI;C:\blp\DAPI\DDE;C:\Anaconda2;C:\Anaconda2\Scripts;C:\Users\simon.garisch\AppData\Local\Programs\Microsoft VS Code\bin;C:\Users\simon.garisch\AppData\Local\atom\bin;C:\R\R-3.5.1\bin\x64;C:\Julia\Julia-1.0.1\bin;C:\Users\simon.garisch\Downloads\ZeroBraneStudio\bin;C:\windows\Microsoft.NET\Framework64\v4.0.30319;C:\Program Files\Java\jdk1.8.0_181\bin;C:\Users\simon.garisch\AppData\Local\Microsoft\WindowsApps;C:\Microsoft VS Code\bin;C:\Users\simon.garisch\AppData\Roaming\npm;C:\Program Files\heroku\bin;C:\Program Files (x86)\Microsoft Visual Studio\2019\BuildTools\VC\Auxiliary\Build;C:\Anaconda2;C:\Program Files (x86)\Graphviz2.38\bin;C:\Users\simon.garisch\.dotnet\tools;C:\Users\simon.garisch\Downloads\DiskSpd-2.0.21a\amd64;C:\Git\cmd;C:\Users\simon.garisch\go\bin;C:\MinGW\bin;C:\cygwin64\bin;C:\Microsoft VS Code;C:\apache-maven-3.6.3-bin\apache-maven-3.6.3\bin;C:\Git\usr\bin\vendor_perl;C:\Git\usr\bin\core_perl;."/>
    <property name="java.vm.info" value="mixed mode, sharing"/>
    <property name="java.vendor" value="Oracle Corporation"/>
    <property name="java.vm.version" value="14.0.1+7"/>
    <property name="sun.io.unicode.encoding" value="UnicodeLittle"/>
    <property name="java.class.version" value="58.0"/>
  </properties>
  <testcase name="shouldAnswerWithTrue" classname="basicjava.AppTest" time="0.005"/>
</testsuite>